<?xml version="1.0" encoding="UTF-8"?>
<!-- Generated by org.testng.reporters.JUnitXMLReporter -->
<testsuite ignored="0" hostname="LAPTOP-PLNO5R2G" failures="0" tests="22" name="Rediff Hybrid Practice Testcases" time="162.191" errors="0" timestamp="2023-10-09T16:26:35 PDT">
  <testcase classname="com.qa.hybridpractice.testcases.HybridPractice_LogOutTest" name="signOutMessageIsDisplayed" time="2.732"/>
  <testcase classname="com.qa.hybridpractice.testcases.HybridPractice_LandingTest" name="validateTitleAndCurrentUrl" time="0.02"/>
  <testcase classname="com.qa.hybridpractice.testcases.HybridPractice_LandingTest" name="signInButtonIsDisplayedAndEnabled" time="0.202"/>
  <testcase classname="com.qa.hybridpractice.testcases.HybridPractice_LandingTest" name="rediffLogoIsDisplayed" time="0.047"/>
  <testcase classname="com.qa.hybridpractice.testcases.HybridPractice_SignInLinkTest" name="clickOnSignInLink" time="1.529"/>
  <testcase classname="com.qa.hybridpractice.testcases.HybridPractice_LoginTests" name="logInWithValidCredentialsUsingDataProvider" time="4.738"/>
  <testcase classname="com.qa.hybridpractice.testcases.HybridPractice_LoginTests" name="logInWithValidCredentialsUsingDataProvider" time="2.858"/>
  <testcase classname="com.qa.hybridpractice.testcases.HybridPractice_LoginTests" name="logInWithValidCredentialsUsingDataProvider" time="2.734"/>
  <testcase classname="com.qa.hybridpractice.testcases.HybridPractice_LoginTests" name="logInWithValidCredentialsUsingDataProvider" time="4.759"/>
  <testcase classname="com.qa.hybridpractice.testcases.HybridPractice_LoginTests" name="logInWithValidCredentialsUsingDataProvider" time="5.316"/>
  <testcase classname="com.qa.hybridpractice.testcases.HybridPractice_LoginTests" name="logInWithValidCredentialsUsingDataProviderExcelSheet" time="5.929"/>
  <testcase classname="com.qa.hybridpractice.testcases.HybridPractice_LoginTests" name="logInWithValidCredentialsUsingDataProviderExcelSheet" time="2.608"/>
  <testcase classname="com.qa.hybridpractice.testcases.HybridPractice_LoginTests" name="logInWithValidCredentialsUsingDataProviderExcelSheet" time="2.507"/>
  <testcase classname="com.qa.hybridpractice.testcases.HybridPractice_LoginTests" name="logInWithValidCredentialsUsingDataProviderExcelSheet" time="4.612"/>
  <testcase classname="com.qa.hybridpractice.testcases.HybridPractice_LoginTests" name="logInWithValidCredentialsUsingDataProviderExcelSheet" time="5.969"/>
  <testcase classname="com.qa.hybridpractice.testcases.HybridPractice_LoginTests" name="logInWithInvalidCredentials" time="0.544"/>
  <testcase classname="com.qa.hybridpractice.testcases.HybridPractice_LoginTests" name="loginWithValidUsernameInvalidPassword" time="0.536"/>
  <testcase classname="com.qa.hybridpractice.testcases.HybridPractice_LoginTests" name="logInWithInvalidUsernameValidPassword" time="0.549"/>
  <testcase classname="com.qa.hybridpractice.testcases.HybridPractice_LoginTests" name="logInWithNotCredentials" time="0.175"/>
  <testcase classname="com.qa.hybridpractice.testcases.HybridPractice_InboxTest" name="presenceOfInboxButton" time="3.022"/>
  <testcase classname="com.qa.hybridpractice.testcases.HybridPractice_HomeTest" name="presenceOfRediffLogo" time="5.896"/>
  <testcase classname="com.qa.hybridpractice.testcases.HybridPractice_LinkTests" name="linkTests" time="10.906"/>
</testsuite> <!-- Rediff Hybrid Practice Testcases -->
